Start testing: Nov 10 13:15 MST
----------------------------------------------------------
1/1 Testing: test_simple_lp_program
1/1 Test: test_simple_lp_program
Command: "/Users/seung/MOO/or-tools_arm64_macOS-14.4.1_cpp_v9.10.4067/examples/simple_lp_program/build/bin/simple_lp_program"
Directory: /Users/seung/MOO/or-tools_arm64_macOS-14.4.1_cpp_v9.10.4067/examples/simple_lp_program/build
"test_simple_lp_program" start time: Nov 10 13:15 MST
Output:
----------------------------------------------------------
WARNING: All log messages before absl::InitializeLog() is called are written to STDERR
I0000 00:00:1762805712.608180 39641835 simple_lp_program.cc:36] Number of variables = 2
I0000 00:00:1762805712.608199 39641835 simple_lp_program.cc:50] Number of constraints = 2
I0000 00:00:1762805712.608305 39641835 simple_lp_program.cc:70] Solution:

I0000 00:00:1762805712.608308 39641835 simple_lp_program.cc:71] Objective value = 25
I0000 00:00:1762805712.608311 39641835 simple_lp_program.cc:72] x = 0
I0000 00:00:1762805712.608313 39641835 simple_lp_program.cc:73] y = 2.5
I0000 00:00:1762805712.608314 39641835 simple_lp_program.cc:77] 
Advanced usage:
I0000 00:00:1762805712.608315 39641835 simple_lp_program.cc:78] Problem solved in 0 milliseconds
I0000 00:00:1762805712.608316 39641835 simple_lp_program.cc:79] Problem solved in 0 iterations
<end of output>
Test time =   0.14 sec
----------------------------------------------------------
Test Passed.
"test_simple_lp_program" end time: Nov 10 13:15 MST
"test_simple_lp_program" time elapsed: 00:00:00
----------------------------------------------------------

End testing: Nov 10 13:15 MST
