Start testing: Nov 10 13:15 MST
----------------------------------------------------------
1/1 Testing: test_simple_max_flow_program
1/1 Test: test_simple_max_flow_program
Command: "/Users/seung/MOO/or-tools_arm64_macOS-14.4.1_cpp_v9.10.4067/examples/simple_max_flow_program/build/bin/simple_max_flow_program"
Directory: /Users/seung/MOO/or-tools_arm64_macOS-14.4.1_cpp_v9.10.4067/examples/simple_max_flow_program/build
"test_simple_max_flow_program" start time: Nov 10 13:15 MST
Output:
----------------------------------------------------------
WARNING: All log messages before absl::InitializeLog() is called are written to STDERR
I0000 00:00:1762805709.459815 39641322 simple_max_flow_program.cc:62] Solving the max flow problem failed. Solver status: 0
<end of output>
Test time =   0.14 sec
----------------------------------------------------------
Test Passed.
"test_simple_max_flow_program" end time: Nov 10 13:15 MST
"test_simple_max_flow_program" time elapsed: 00:00:00
----------------------------------------------------------

End testing: Nov 10 13:15 MST
